<?xml version="1.0" encoding="UTF-8"?>
<!-- Generated by org.testng.reporters.JUnitReportReporter -->
<testsuite hostname="DESKTOP-SQ0ELVT" failures="0" tests="2" name="SrijitLearning.ErrorValidationsTest" time="11.922" errors="0" timestamp="2025-05-27T13:07:55 IST" skipped="0">
  <testcase classname="SrijitLearning.ErrorValidationsTest" name="ProductErrorValidation" time="7.557"/>
  <testcase classname="SrijitLearning.ErrorValidationsTest" name="LoginErrorValidation" time="4.365"/>
</testsuite> <!-- SrijitLearning.ErrorValidationsTest -->
