<?xml version="1.0" encoding="UTF-8"?>
<!-- Generated by org.testng.reporters.JUnitReportReporter -->
<testsuite hostname="DESKTOP-SQ0ELVT" failures="0" tests="2" name="SrijitLearning.tests.ErrorValidationsTest" time="13.001" errors="0" timestamp="2025-06-07T11:04:31 IST" skipped="0">
  <testcase classname="SrijitLearning.tests.ErrorValidationsTest" name="LoginErrorValidation" time="6.472"/>
  <testcase classname="SrijitLearning.tests.ErrorValidationsTest" name="ProductErrorValidation" time="6.529"/>
</testsuite> <!-- SrijitLearning.tests.ErrorValidationsTest -->
