<?xml version="1.0" encoding="UTF-8"?>
<!-- Generated by org.testng.reporters.JUnitReportReporter -->
<testsuite hostname="DESKTOP-SQ0ELVT" failures="0" tests="3" name="SrijitLearning.tests.SubmitOrderTest" time="18.026" errors="0" timestamp="2025-06-07T11:04:31 IST" skipped="0">
  <testcase classname="SrijitLearning.tests.SubmitOrderTest" name="submitOrder" time="6.107"/>
  <testcase classname="SrijitLearning.tests.SubmitOrderTest" name="submitOrder" time="8.789"/>
  <testcase classname="SrijitLearning.tests.SubmitOrderTest" name="OrderHistoryTest" time="3.130"/>
</testsuite> <!-- SrijitLearning.tests.SubmitOrderTest -->
