<?xml version="1.0" encoding="UTF-8"?>
<!-- Generated by org.testng.reporters.JUnitReportReporter -->
<testsuite hostname="DESKTOP-SQ0ELVT" failures="0" tests="1" name="Cucumber.TestNGTestRunner" time="17.291" errors="0" timestamp="2025-06-11T00:38:34 IST" skipped="0">
  <testcase classname="Cucumber.TestNGTestRunner" name="runScenario" time="17.291"/>
</testsuite> <!-- Cucumber.TestNGTestRunner -->
